#
# There is insufficient memory for the Java Runtime Environment to continue.
# Native memory allocation (mmap) failed to map 37748736 bytes. Error detail: G1 virtual space
# Possible reasons:
#   The system is out of physical RAM or swap space
#   This process is running with CompressedOops enabled, and the Java Heap may be blocking the growth of the native heap
# Possible solutions:
#   Reduce memory load on the system
#   Increase physical memory or swap space
#   Check if swap backing store is full
#   Decrease Java heap size (-Xmx/-Xms)
#   Decrease number of Java threads
#   Decrease Java thread stack sizes (-Xss)
#   Set larger code cache with -XX:ReservedCodeCacheSize=
#   JVM is running with Unscaled Compressed Oops mode in which the Java heap is
#     placed in the first 4GB address space. The Java Heap base address is the
#     maximum limit for the native heap growth. Please use -XX:HeapBaseMinAddress
#     to set the Java Heap base and to place the Java Heap above 4GB virtual address.
# This output file may be truncated or incomplete.
#
#  Out of Memory Error (os_windows.cpp:3825), pid=20000, tid=23936
#
# JRE version: OpenJDK Runtime Environment (17.0.11) (build 17.0.11+0--11852314)
# Java VM: OpenJDK 64-Bit Server VM (17.0.11+0--11852314, mixed mode, tiered, compressed oops, compressed class ptrs, g1 gc, windows-amd64)
# No core dump will be written. Minidumps are not enabled by default on client versions of Windows
#

---------------  S U M M A R Y ------------

Command Line: --add-opens=java.base/java.util=ALL-UNNAMED --add-opens=java.base/java.lang=ALL-UNNAMED --add-opens=java.base/java.lang.invoke=ALL-UNNAMED --add-opens=java.prefs/java.util.prefs=ALL-UNNAMED --add-opens=java.base/java.nio.charset=ALL-UNNAMED --add-opens=java.base/java.net=ALL-UNNAMED --add-opens=java.base/java.util.concurrent.atomic=ALL-UNNAMED -Xmx2048m -Dfile.encoding=UTF-8 -Duser.country=IN -Duser.language=en -Duser.variant -javaagent:C:\Users\asus\.gradle\wrapper\dists\gradle-8.7-bin\bhs2wmbdwecv87pi65oeuq5iu\gradle-8.7\lib\agents\gradle-instrumentation-agent-8.7.jar org.gradle.launcher.daemon.bootstrap.GradleDaemon 8.7

Host: AMD Ryzen 5 4600H with Radeon Graphics         , 12 cores, 7G,  Windows 11 , 64 bit Build 26100 (10.0.26100.3037)
Time: Thu Feb 20 02:00:19 2025 India Standard Time elapsed time: 13.178091 seconds (0d 0h 0m 13s)

---------------  T H R E A D  ---------------

Current thread (0x0000019cb28db1e0):  VMThread "VM Thread" [stack: 0x0000008fd9200000,0x0000008fd9300000] [id=23936]

Stack: [0x0000008fd9200000,0x0000008fd9300000]
Native frames: (J=compiled Java code, j=interpreted, Vv=VM code, C=native code)
V  [jvm.dll+0x687bb9]
V  [jvm.dll+0x84142a]
V  [jvm.dll+0x8430ae]
V  [jvm.dll+0x843713]
V  [jvm.dll+0x24a35f]
V  [jvm.dll+0x684989]
V  [jvm.dll+0x67923a]
V  [jvm.dll+0x30af0b]
V  [jvm.dll+0x3123b6]
V  [jvm.dll+0x361dfe]
V  [jvm.dll+0x36202f]
V  [jvm.dll+0x2e0d38]
V  [jvm.dll+0x2df144]
V  [jvm.dll+0x2de74c]
V  [jvm.dll+0x323381]
V  [jvm.dll+0x847e0b]
V  [jvm.dll+0x848b42]
V  [jvm.dll+0x84905d]
V  [jvm.dll+0x849434]
V  [jvm.dll+0x849500]
V  [jvm.dll+0x7efa4a]
V  [jvm.dll+0x686a35]
C  [ucrtbase.dll+0x37b0]
C  [KERNEL32.DLL+0x2e8d7]
C  [ntdll.dll+0xbbf2c]

VM_Operation (0x0000008fdaaf0e30): G1TryInitiateConcMark, mode: safepoint, requested by thread 0x0000019cb90acfb0


---------------  P R O C E S S  ---------------

Threads class SMR info:
_java_thread_list=0x0000019cb9e20850, length=55, elements={
0x0000019c9862b1b0, 0x0000019cb28e8760, 0x0000019cb28e9230, 0x0000019cb2a612a0,
0x0000019cb2a61b70, 0x0000019cb2a64450, 0x0000019cb2a64d20, 0x0000019cb2a65fe0,
0x0000019cb2a669a0, 0x0000019cb2a672b0, 0x0000019cb2866e30, 0x0000019cb2d876f0,
0x0000019cb93d6f50, 0x0000019cb8bf7030, 0x0000019cb9038fc0, 0x0000019cb90af320,
0x0000019cb90ae3f0, 0x0000019cb90adee0, 0x0000019cb90acfb0, 0x0000019cb90ae900,
0x0000019cb90af830, 0x0000019cb90ac080, 0x0000019cb90ac590, 0x0000019cb90acaa0,
0x0000019cb90ad4c0, 0x0000019cb90ad9d0, 0x0000019cba163aa0, 0x0000019cba164ee0,
0x0000019cba163fb0, 0x0000019cba1644c0, 0x0000019cba1649d0, 0x0000019cba1653f0,
0x0000019cba166320, 0x0000019cba165900, 0x0000019cba165e10, 0x0000019cba163590,
0x0000019cba162b70, 0x0000019cba1690b0, 0x0000019cba169fe0, 0x0000019cba166d40,
0x0000019cba168ba0, 0x0000019cba167250, 0x0000019cba167c70, 0x0000019cba1695c0,
0x0000019cba169ad0, 0x0000019cba166830, 0x0000019cba168690, 0x0000019cba167760,
0x0000019cba16a4f0, 0x0000019cba168180, 0x0000019cbb1fd010, 0x0000019cbb1ff380,
0x0000019cbb1ff890, 0x0000019cbb1ffda0, 0x0000019cbb1fdf40
}

Java Threads: ( => current thread )
  0x0000019c9862b1b0 JavaThread "main" [_thread_blocked, id=14212, stack(0x0000008fd8c00000,0x0000008fd8d00000)]
  0x0000019cb28e8760 JavaThread "Reference Handler" daemon [_thread_blocked, id=22136, stack(0x0000008fd9300000,0x0000008fd9400000)]
  0x0000019cb28e9230 JavaThread "Finalizer" daemon [_thread_blocked, id=20652, stack(0x0000008fd9400000,0x0000008fd9500000)]
  0x0000019cb2a612a0 JavaThread "Signal Dispatcher" daemon [_thread_blocked, id=17692, stack(0x0000008fd9500000,0x0000008fd9600000)]
  0x0000019cb2a61b70 JavaThread "Attach Listener" daemon [_thread_blocked, id=6872, stack(0x0000008fd9600000,0x0000008fd9700000)]
  0x0000019cb2a64450 JavaThread "Service Thread" daemon [_thread_blocked, id=13108, stack(0x0000008fd9700000,0x0000008fd9800000)]
  0x0000019cb2a64d20 JavaThread "Monitor Deflation Thread" daemon [_thread_blocked, id=21164, stack(0x0000008fd9800000,0x0000008fd9900000)]
  0x0000019cb2a65fe0 JavaThread "C2 CompilerThread0" daemon [_thread_blocked, id=26860, stack(0x0000008fd9900000,0x0000008fd9a00000)]
  0x0000019cb2a669a0 JavaThread "C1 CompilerThread0" daemon [_thread_blocked, id=2484, stack(0x0000008fd9a00000,0x0000008fd9b00000)]
  0x0000019cb2a672b0 JavaThread "Sweeper thread" daemon [_thread_blocked, id=22696, stack(0x0000008fd9b00000,0x0000008fd9c00000)]
  0x0000019cb2866e30 JavaThread "Common-Cleaner" daemon [_thread_blocked, id=10512, stack(0x0000008fd9c00000,0x0000008fd9d00000)]
  0x0000019cb2d876f0 JavaThread "Notification Thread" daemon [_thread_blocked, id=21236, stack(0x0000008fd9d00000,0x0000008fd9e00000)]
  0x0000019cb93d6f50 JavaThread "Daemon health stats" [_thread_blocked, id=12352, stack(0x0000008fda400000,0x0000008fda500000)]
  0x0000019cb8bf7030 JavaThread "Incoming local TCP Connector on port 65505" [_thread_in_native, id=9840, stack(0x0000008fda500000,0x0000008fda600000)]
  0x0000019cb9038fc0 JavaThread "Daemon periodic checks" [_thread_blocked, id=13596, stack(0x0000008fda600000,0x0000008fda700000)]
  0x0000019cb90af320 JavaThread "Daemon" [_thread_blocked, id=20112, stack(0x0000008fda700000,0x0000008fda800000)]
  0x0000019cb90ae3f0 JavaThread "Handler for socket connection from /127.0.0.1:65505 to /127.0.0.1:65506" [_thread_in_native, id=5096, stack(0x0000008fda800000,0x0000008fda900000)]
  0x0000019cb90adee0 JavaThread "Cancel handler" [_thread_blocked, id=23156, stack(0x0000008fda900000,0x0000008fdaa00000)]
  0x0000019cb90acfb0 JavaThread "Daemon worker" [_thread_blocked, id=17972, stack(0x0000008fdaa00000,0x0000008fdab00000)]
  0x0000019cb90ae900 JavaThread "Asynchronous log dispatcher for DefaultDaemonConnection: socket connection from /127.0.0.1:65505 to /127.0.0.1:65506" [_thread_blocked, id=27108, stack(0x0000008fdab00000,0x0000008fdac00000)]
  0x0000019cb90af830 JavaThread "Stdin handler" [_thread_blocked, id=15192, stack(0x0000008fdac00000,0x0000008fdad00000)]
  0x0000019cb90ac080 JavaThread "Daemon client event forwarder" [_thread_blocked, id=2228, stack(0x0000008fdad00000,0x0000008fdae00000)]
  0x0000019cb90ac590 JavaThread "Cache worker for journal cache (C:\Users\asus\.gradle\caches\journal-1)" [_thread_blocked, id=15252, stack(0x0000008fdb500000,0x0000008fdb600000)]
  0x0000019cb90acaa0 JavaThread "File lock request listener" [_thread_in_native, id=6604, stack(0x0000008fdb600000,0x0000008fdb700000)]
  0x0000019cb90ad4c0 JavaThread "Cache worker for file hash cache (C:\Users\asus\.gradle\caches\8.7\fileHashes)" [_thread_blocked, id=27312, stack(0x0000008fdb700000,0x0000008fdb800000)]
  0x0000019cb90ad9d0 JavaThread "Cache worker for file hash cache (C:\Users\asus\AndroidStudioProjects\MyShoppingListApp\.gradle\8.7\fileHashes)" [_thread_blocked, id=15844, stack(0x0000008fdb900000,0x0000008fdba00000)]
  0x0000019cba163aa0 JavaThread "File watcher server" daemon [_thread_blocked, id=10288, stack(0x0000008fdba00000,0x0000008fdbb00000)]
  0x0000019cba164ee0 JavaThread "File watcher consumer" daemon [_thread_blocked, id=21832, stack(0x0000008fdbb00000,0x0000008fdbc00000)]
  0x0000019cba163fb0 JavaThread "Cache worker for checksums cache (C:\Users\asus\AndroidStudioProjects\MyShoppingListApp\.gradle\8.7\checksums)" [_thread_blocked, id=11600, stack(0x0000008fdbc00000,0x0000008fdbd00000)]
  0x0000019cba1644c0 JavaThread "Cache worker for cache directory md-supplier (C:\Users\asus\.gradle\caches\8.7\md-supplier)" [_thread_blocked, id=16308, stack(0x0000008fdbd00000,0x0000008fdbe00000)]
  0x0000019cba1649d0 JavaThread "Cache worker for cache directory md-rule (C:\Users\asus\.gradle\caches\8.7\md-rule)" [_thread_blocked, id=13764, stack(0x0000008fdbe00000,0x0000008fdbf00000)]
  0x0000019cba1653f0 JavaThread "Cache worker for file content cache (C:\Users\asus\.gradle\caches\8.7\fileContent)" [_thread_blocked, id=27184, stack(0x0000008fdb800000,0x0000008fdb900000)]
  0x0000019cba166320 JavaThread "Cache worker for Build Output Cleanup Cache (C:\Users\asus\AndroidStudioProjects\MyShoppingListApp\.gradle\buildOutputCleanup)" [_thread_blocked, id=18600, stack(0x0000008fdbf00000,0x0000008fdc000000)]
  0x0000019cba165900 JavaThread "Unconstrained build operations" [_thread_blocked, id=11896, stack(0x0000008fdc000000,0x0000008fdc100000)]
  0x0000019cba165e10 JavaThread "Unconstrained build operations Thread 2" [_thread_blocked, id=21432, stack(0x0000008fdc100000,0x0000008fdc200000)]
  0x0000019cba163590 JavaThread "Unconstrained build operations Thread 3" [_thread_blocked, id=6992, stack(0x0000008fdc200000,0x0000008fdc300000)]
  0x0000019cba162b70 JavaThread "Unconstrained build operations Thread 4" [_thread_blocked, id=24224, stack(0x0000008fdc300000,0x0000008fdc400000)]
  0x0000019cba1690b0 JavaThread "Unconstrained build operations Thread 5" [_thread_blocked, id=26968, stack(0x0000008fdc400000,0x0000008fdc500000)]
  0x0000019cba169fe0 JavaThread "Unconstrained build operations Thread 6" [_thread_blocked, id=17244, stack(0x0000008fdc500000,0x0000008fdc600000)]
  0x0000019cba166d40 JavaThread "Unconstrained build operations Thread 7" [_thread_blocked, id=18064, stack(0x0000008fdc600000,0x0000008fdc700000)]
  0x0000019cba168ba0 JavaThread "Unconstrained build operations Thread 8" [_thread_blocked, id=3412, stack(0x0000008fdc700000,0x0000008fdc800000)]
  0x0000019cba167250 JavaThread "Unconstrained build operations Thread 9" [_thread_blocked, id=26832, stack(0x0000008fdc800000,0x0000008fdc900000)]
  0x0000019cba167c70 JavaThread "Unconstrained build operations Thread 10" [_thread_blocked, id=12480, stack(0x0000008fdc900000,0x0000008fdca00000)]
  0x0000019cba1695c0 JavaThread "Unconstrained build operations Thread 11" [_thread_blocked, id=14288, stack(0x0000008fdca00000,0x0000008fdcb00000)]
  0x0000019cba169ad0 JavaThread "Unconstrained build operations Thread 12" [_thread_blocked, id=23432, stack(0x0000008fdcb00000,0x0000008fdcc00000)]
  0x0000019cba166830 JavaThread "Unconstrained build operations Thread 13" [_thread_blocked, id=13796, stack(0x0000008fdcc00000,0x0000008fdcd00000)]
  0x0000019cba168690 JavaThread "Unconstrained build operations Thread 14" [_thread_blocked, id=22632, stack(0x0000008fdcd00000,0x0000008fdce00000)]
  0x0000019cba167760 JavaThread "Unconstrained build operations Thread 15" [_thread_blocked, id=25720, stack(0x0000008fdce00000,0x0000008fdcf00000)]
  0x0000019cba16a4f0 JavaThread "Unconstrained build operations Thread 16" [_thread_blocked, id=12144, stack(0x0000008fdcf00000,0x0000008fdd000000)]
  0x0000019cba168180 JavaThread "Unconstrained build operations Thread 17" [_thread_blocked, id=10868, stack(0x0000008fdd000000,0x0000008fdd100000)]
  0x0000019cbb1fd010 JavaThread "Unconstrained build operations Thread 18" [_thread_blocked, id=15788, stack(0x0000008fdd100000,0x0000008fdd200000)]
  0x0000019cbb1ff380 JavaThread "Unconstrained build operations Thread 19" [_thread_blocked, id=11400, stack(0x0000008fdd200000,0x0000008fdd300000)]
  0x0000019cbb1ff890 JavaThread "Unconstrained build operations Thread 20" [_thread_blocked, id=17144, stack(0x0000008fdd300000,0x0000008fdd400000)]
  0x0000019cbb1ffda0 JavaThread "Unconstrained build operations Thread 21" [_thread_blocked, id=5456, stack(0x0000008fdd400000,0x0000008fdd500000)]
  0x0000019cbb1fdf40 JavaThread "Unconstrained build operations Thread 22" [_thread_blocked, id=15636, stack(0x0000008fdd500000,0x0000008fdd600000)]

Other Threads:
=>0x0000019cb28db1e0 VMThread "VM Thread" [stack: 0x0000008fd9200000,0x0000008fd9300000] [id=23936]
  0x0000019cb2c9c2f0 WatcherThread [stack: 0x0000008fd9e00000,0x0000008fd9f00000] [id=4628]
  0x0000019c9868a6d0 GCTaskThread "GC Thread#0" [stack: 0x0000008fd8d00000,0x0000008fd8e00000] [id=27132]
  0x0000019cb7fd1d30 GCTaskThread "GC Thread#1" [stack: 0x0000008fda100000,0x0000008fda200000] [id=15840]
  0x0000019cb71dd0b0 GCTaskThread "GC Thread#2" [stack: 0x0000008fda200000,0x0000008fda300000] [id=26508]
  0x0000019cb7445440 GCTaskThread "GC Thread#3" [stack: 0x0000008fda300000,0x0000008fda400000] [id=17300]
  0x0000019cb7d52e30 GCTaskThread "GC Thread#4" [stack: 0x0000008fda000000,0x0000008fda100000] [id=18536]
  0x0000019cb8aa0330 GCTaskThread "GC Thread#5" [stack: 0x0000008fdae00000,0x0000008fdaf00000] [id=14528]
  0x0000019cb91b3ec0 GCTaskThread "GC Thread#6" [stack: 0x0000008fdaf00000,0x0000008fdb000000] [id=23988]
  0x0000019cb870acd0 GCTaskThread "GC Thread#7" [stack: 0x0000008fdb000000,0x0000008fdb100000] [id=11472]
  0x0000019cb89b0e90 GCTaskThread "GC Thread#8" [stack: 0x0000008fdb100000,0x0000008fdb200000] [id=27380]
  0x0000019cb84dac30 GCTaskThread "GC Thread#9" [stack: 0x0000008fdb200000,0x0000008fdb300000] [id=23004]
  0x0000019c9869b530 ConcurrentGCThread "G1 Main Marker" [stack: 0x0000008fd8e00000,0x0000008fd8f00000] [id=14484]
  0x0000019c9869cb30 ConcurrentGCThread "G1 Conc#0" [stack: 0x0000008fd8f00000,0x0000008fd9000000] [id=7660]
  0x0000019cb8d99da0 ConcurrentGCThread "G1 Conc#1" [stack: 0x0000008fdb300000,0x0000008fdb400000] [id=22448]
  0x0000019cb8d987a0 ConcurrentGCThread "G1 Conc#2" [stack: 0x0000008fdb400000,0x0000008fdb500000] [id=8548]
  0x0000019cb2734520 ConcurrentGCThread "G1 Refine#0" [stack: 0x0000008fd9000000,0x0000008fd9100000] [id=19152]
  0x0000019cb8151b00 ConcurrentGCThread "G1 Refine#1" [stack: 0x0000008fdd600000,0x0000008fdd700000] [id=13192]
  0x0000019c986dd050 ConcurrentGCThread "G1 Service" [stack: 0x0000008fd9100000,0x0000008fd9200000] [id=17964]

Threads with active compile tasks:
C2 CompilerThread0    13199 6957       4       org.objectweb.asm.Frame::execute (2318 bytes)

VM state: at safepoint (normal execution)

VM Mutex/Monitor currently owned by a thread:  ([mutex/lock_event])
[0x0000019c98628560] Threads_lock - owner thread: 0x0000019cb28db1e0
[0x0000019c98627090] Heap_lock - owner thread: 0x0000019cb90acfb0

Heap address: 0x0000000080000000, size: 2048 MB, Compressed Oops mode: 32-bit

CDS archive(s) not mapped
Compressed class space mapped at: 0x0000000100000000-0x0000000140000000, reserved size: 1073741824
Narrow klass base: 0x0000000000000000, Narrow klass shift: 3, Narrow klass range: 0x140000000

GC Precious Log:
 CPUs: 12 total, 12 available
 Memory: 7598M
 Large Page Support: Disabled
 NUMA Support: Disabled
 Compressed Oops: Enabled (32-bit)
 Heap Region Size: 1M
 Heap Min Capacity: 8M
 Heap Initial Capacity: 120M
 Heap Max Capacity: 2G
 Pre-touch: Disabled
 Parallel Workers: 10
 Concurrent Workers: 3
 Concurrent Refinement Workers: 10
 Periodic GC: Disabled

Heap:
 garbage-first heap   total 89088K, used 63797K [0x0000000080000000, 0x0000000100000000)
  region size 1024K, 1 young (1024K), 1 survivors (1024K)
 Metaspace       used 58620K, committed 59200K, reserved 1114112K
  class space    used 8023K, committed 8320K, reserved 1048576K

Heap Regions: E=young(eden), S=young(survivor), O=old, HS=humongous(starts), HC=humongous(continues), CS=collection set, F=free, OA=open archive, CA=closed archive, TAMS=top-at-mark-start (previous, next)
|   0|0x0000000080000000, 0x0000000080100000, 0x0000000080100000|100%|HS|  |TAMS 0x0000000080100000, 0x0000000080100000| Complete 
|   1|0x0000000080100000, 0x0000000080200000, 0x0000000080200000|100%|HC|  |TAMS 0x0000000080200000, 0x0000000080200000| Complete 
|   2|0x0000000080200000, 0x0000000080300000, 0x0000000080300000|100%|HC|  |TAMS 0x0000000080300000, 0x0000000080300000| Complete 
|   3|0x0000000080300000, 0x0000000080400000, 0x0000000080400000|100%|HC|  |TAMS 0x0000000080400000, 0x0000000080400000| Complete 
|   4|0x0000000080400000, 0x0000000080500000, 0x0000000080500000|100%| O|  |TAMS 0x0000000080500000, 0x0000000080500000| Untracked 
|   5|0x0000000080500000, 0x0000000080600000, 0x0000000080600000|100%| O|  |TAMS 0x0000000080600000, 0x0000000080600000| Untracked 
|   6|0x0000000080600000, 0x0000000080700000, 0x0000000080700000|100%| O|  |TAMS 0x0000000080700000, 0x0000000080700000| Untracked 
|   7|0x0000000080700000, 0x0000000080800000, 0x0000000080800000|100%| O|  |TAMS 0x0000000080800000, 0x0000000080800000| Untracked 
|   8|0x0000000080800000, 0x0000000080900000, 0x0000000080900000|100%| O|  |TAMS 0x0000000080900000, 0x0000000080900000| Untracked 
|   9|0x0000000080900000, 0x0000000080a00000, 0x0000000080a00000|100%| O|  |TAMS 0x0000000080a00000, 0x0000000080a00000| Untracked 
|  10|0x0000000080a00000, 0x0000000080af6200, 0x0000000080b00000| 96%| O|  |TAMS 0x0000000080af6200, 0x0000000080af6200| Untracked 
|  11|0x0000000080b00000, 0x0000000080c00000, 0x0000000080c00000|100%| O|  |TAMS 0x0000000080c00000, 0x0000000080c00000| Untracked 
|  12|0x0000000080c00000, 0x0000000080d00000, 0x0000000080d00000|100%| O|  |TAMS 0x0000000080d00000, 0x0000000080d00000| Untracked 
|  13|0x0000000080d00000, 0x0000000080e00000, 0x0000000080e00000|100%| O|  |TAMS 0x0000000080e00000, 0x0000000080e00000| Untracked 
|  14|0x0000000080e00000, 0x0000000080f00000, 0x0000000080f00000|100%| O|  |TAMS 0x0000000080f00000, 0x0000000080f00000| Untracked 
|  15|0x0000000080f00000, 0x0000000081000000, 0x0000000081000000|100%| O|  |TAMS 0x0000000081000000, 0x0000000081000000| Untracked 
|  16|0x0000000081000000, 0x0000000081100000, 0x0000000081100000|100%| O|  |TAMS 0x0000000081100000, 0x0000000081100000| Untracked 
|  17|0x0000000081100000, 0x0000000081200000, 0x0000000081200000|100%| O|  |TAMS 0x0000000081200000, 0x0000000081200000| Untracked 
|  18|0x0000000081200000, 0x0000000081300000, 0x0000000081300000|100%| O|  |TAMS 0x0000000081300000, 0x0000000081300000| Untracked 
|  19|0x0000000081300000, 0x0000000081400000, 0x0000000081400000|100%| O|  |TAMS 0x0000000081400000, 0x0000000081400000| Untracked 
|  20|0x0000000081400000, 0x0000000081500000, 0x0000000081500000|100%| O|  |TAMS 0x0000000081500000, 0x0000000081500000| Untracked 
|  21|0x0000000081500000, 0x0000000081600000, 0x0000000081600000|100%| O|  |TAMS 0x0000000081600000, 0x0000000081600000| Untracked 
|  22|0x0000000081600000, 0x0000000081700000, 0x0000000081700000|100%| O|  |TAMS 0x0000000081700000, 0x0000000081700000| Untracked 
|  23|0x0000000081700000, 0x0000000081800000, 0x0000000081800000|100%| O|  |TAMS 0x0000000081800000, 0x0000000081800000| Untracked 
|  24|0x0000000081800000, 0x0000000081900000, 0x0000000081900000|100%| O|  |TAMS 0x0000000081900000, 0x0000000081900000| Untracked 
|  25|0x0000000081900000, 0x0000000081a00000, 0x0000000081a00000|100%| O|  |TAMS 0x0000000081a00000, 0x0000000081a00000| Untracked 
|  26|0x0000000081a00000, 0x0000000081b00000, 0x0000000081b00000|100%| O|  |TAMS 0x0000000081b00000, 0x0000000081b00000| Untracked 
|  27|0x0000000081b00000, 0x0000000081c00000, 0x0000000081c00000|100%| O|  |TAMS 0x0000000081c00000, 0x0000000081c00000| Untracked 
|  28|0x0000000081c00000, 0x0000000081d00000, 0x0000000081d00000|100%| O|  |TAMS 0x0000000081d00000, 0x0000000081d00000| Untracked 
|  29|0x0000000081d00000, 0x0000000081e00000, 0x0000000081e00000|100%| O|  |TAMS 0x0000000081e00000, 0x0000000081e00000| Untracked 
|  30|0x0000000081e00000, 0x0000000081f00000, 0x0000000081f00000|100%| O|  |TAMS 0x0000000081f00000, 0x0000000081f00000| Untracked 
|  31|0x0000000081f00000, 0x0000000082000000, 0x0000000082000000|100%| O|  |TAMS 0x0000000082000000, 0x0000000082000000| Untracked 
|  32|0x0000000082000000, 0x0000000082000000, 0x0000000082100000|  0%| F|  |TAMS 0x0000000082000000, 0x0000000082000000| Untracked 
|  33|0x0000000082100000, 0x0000000082200000, 0x0000000082200000|100%| O|  |TAMS 0x0000000082200000, 0x0000000082200000| Untracked 
|  34|0x0000000082200000, 0x0000000082300000, 0x0000000082300000|100%| O|  |TAMS 0x0000000082300000, 0x0000000082300000| Untracked 
|  35|0x0000000082300000, 0x0000000082400000, 0x0000000082400000|100%| O|  |TAMS 0x0000000082400000, 0x0000000082400000| Untracked 
|  36|0x0000000082400000, 0x0000000082500000, 0x0000000082500000|100%| O|  |TAMS 0x0000000082500000, 0x0000000082500000| Untracked 
|  37|0x0000000082500000, 0x0000000082600000, 0x0000000082600000|100%| O|  |TAMS 0x00000000825fe200, 0x0000000082600000| Untracked 
|  38|0x0000000082600000, 0x0000000082700000, 0x0000000082700000|100%| O|  |TAMS 0x0000000082600000, 0x0000000082700000| Untracked 
|  39|0x0000000082700000, 0x0000000082800000, 0x0000000082800000|100%| O|  |TAMS 0x0000000082700000, 0x0000000082800000| Untracked 
|  40|0x0000000082800000, 0x0000000082900000, 0x0000000082900000|100%|HS|  |TAMS 0x0000000082800000, 0x0000000082900000| Complete 
|  41|0x0000000082900000, 0x0000000082a00000, 0x0000000082a00000|100%|HS|  |TAMS 0x0000000082900000, 0x0000000082a00000| Complete 
|  42|0x0000000082a00000, 0x0000000082b00000, 0x0000000082b00000|100%|HS|  |TAMS 0x0000000082a00000, 0x0000000082b00000| Complete 
|  43|0x0000000082b00000, 0x0000000082c00000, 0x0000000082c00000|100%|HC|  |TAMS 0x0000000082b00000, 0x0000000082c00000| Complete 
|  44|0x0000000082c00000, 0x0000000082d00000, 0x0000000082d00000|100%|HS|  |TAMS 0x0000000082c00000, 0x0000000082d00000| Complete 
|  45|0x0000000082d00000, 0x0000000082e00000, 0x0000000082e00000|100%|HC|  |TAMS 0x0000000082d00000, 0x0000000082e00000| Complete 
|  46|0x0000000082e00000, 0x0000000082f00000, 0x0000000082f00000|100%|HS|  |TAMS 0x0000000082e00000, 0x0000000082f00000| Complete 
|  47|0x0000000082f00000, 0x0000000083000000, 0x0000000083000000|100%|HS|  |TAMS 0x0000000082f00000, 0x0000000083000000| Complete 
|  48|0x0000000083000000, 0x0000000083100000, 0x0000000083100000|100%|HC|  |TAMS 0x0000000083000000, 0x0000000083100000| Complete 
|  49|0x0000000083100000, 0x0000000083200000, 0x0000000083200000|100%|HC|  |TAMS 0x0000000083100000, 0x0000000083200000| Complete 
|  50|0x0000000083200000, 0x0000000083300000, 0x0000000083300000|100%|HC|  |TAMS 0x0000000083200000, 0x0000000083300000| Complete 
|  51|0x0000000083300000, 0x0000000083400000, 0x0000000083400000|100%|HS|  |TAMS 0x0000000083300000, 0x0000000083400000| Complete 
|  52|0x0000000083400000, 0x0000000083500000, 0x0000000083500000|100%| O|  |TAMS 0x0000000083400000, 0x0000000083500000| Untracked 
|  53|0x0000000083500000, 0x0000000083600000, 0x0000000083600000|100%|HS|  |TAMS 0x0000000083500000, 0x0000000083600000| Complete 
|  54|0x0000000083600000, 0x0000000083700000, 0x0000000083700000|100%| O|  |TAMS 0x0000000083600000, 0x0000000083700000| Untracked 
|  55|0x0000000083700000, 0x0000000083800000, 0x0000000083800000|100%| O|  |TAMS 0x0000000083700000, 0x0000000083800000| Untracked 
|  56|0x0000000083800000, 0x0000000083900000, 0x0000000083900000|100%| O|  |TAMS 0x0000000083800000, 0x0000000083900000| Untracked 
|  57|0x0000000083900000, 0x0000000083a00000, 0x0000000083a00000|100%| O|  |TAMS 0x0000000083900000, 0x0000000083a00000| Untracked 
|  58|0x0000000083a00000, 0x0000000083b00000, 0x0000000083b00000|100%| O|  |TAMS 0x0000000083a00000, 0x0000000083b00000| Untracked 
|  59|0x0000000083b00000, 0x0000000083ba2800, 0x0000000083c00000| 63%| O|  |TAMS 0x0000000083b00000, 0x0000000083ba2800| Untracked 
|  60|0x0000000083c00000, 0x0000000083c00000, 0x0000000083d00000|  0%| F|  |TAMS 0x0000000083c00000, 0x0000000083c00000| Untracked 
|  61|0x0000000083d00000, 0x0000000083d00000, 0x0000000083e00000|  0%| F|  |TAMS 0x0000000083d00000, 0x0000000083d00000| Untracked 
|  62|0x0000000083e00000, 0x0000000083e00000, 0x0000000083f00000|  0%| F|  |TAMS 0x0000000083e00000, 0x0000000083e00000| Untracked 
|  63|0x0000000083f00000, 0x0000000083f00000, 0x0000000084000000|  0%| F|  |TAMS 0x0000000083f00000, 0x0000000083f00000| Untracked 
|  64|0x0000000084000000, 0x0000000084000000, 0x0000000084100000|  0%| F|  |TAMS 0x0000000084000000, 0x0000000084000000| Untracked 
|  65|0x0000000084100000, 0x0000000084100000, 0x0000000084200000|  0%| F|  |TAMS 0x0000000084100000, 0x0000000084100000| Untracked 
|  66|0x0000000084200000, 0x0000000084200000, 0x0000000084300000|  0%| F|  |TAMS 0x0000000084200000, 0x0000000084200000| Untracked 
|  67|0x0000000084300000, 0x0000000084300000, 0x0000000084400000|  0%| F|  |TAMS 0x0000000084300000, 0x0000000084300000| Untracked 
|  68|0x0000000084400000, 0x0000000084400000, 0x0000000084500000|  0%| F|  |TAMS 0x0000000084400000, 0x0000000084400000| Untracked 
|  69|0x0000000084500000, 0x0000000084500000, 0x0000000084600000|  0%| F|  |TAMS 0x0000000084500000, 0x0000000084500000| Untracked 
|  70|0x0000000084600000, 0x0000000084600000, 0x0000000084700000|  0%| F|  |TAMS 0x0000000084600000, 0x0000000084600000| Untracked 
|  71|0x0000000084700000, 0x0000000084700000, 0x0000000084800000|  0%| F|  |TAMS 0x0000000084700000, 0x0000000084700000| Untracked 
|  72|0x0000000084800000, 0x0000000084800000, 0x0000000084900000|  0%| F|  |TAMS 0x0000000084800000, 0x0000000084800000| Untracked 
|  73|0x0000000084900000, 0x00000000849b4b50, 0x0000000084a00000| 70%| S|CS|TAMS 0x0000000084900000, 0x0000000084900000| Complete 
|  74|0x0000000084a00000, 0x0000000084a00000, 0x0000000084b00000|  0%| F|  |TAMS 0x0000000084a00000, 0x0000000084a00000| Untracked 
|  75|0x0000000084b00000, 0x0000000084b00000, 0x0000000084c00000|  0%| F|  |TAMS 0x0000000084b00000, 0x0000000084b00000| Untracked 
|  76|0x0000000084c00000, 0x0000000084c00000, 0x0000000084d00000|  0%| F|  |TAMS 0x0000000084c00000, 0x0000000084c00000| Untracked 
|  77|0x0000000084d00000, 0x0000000084d00000, 0x0000000084e00000|  0%| F|  |TAMS 0x0000000084d00000, 0x0000000084d00000| Untracked 
|  78|0x0000000084e00000, 0x0000000084e00000, 0x0000000084f00000|  0%| F|  |TAMS 0x0000000084e00000, 0x0000000084e00000| Untracked 
|  79|0x0000000084f00000, 0x0000000084f00000, 0x0000000085000000|  0%| F|  |TAMS 0x0000000084f00000, 0x0000000084f00000| Untracked 
|  80|0x0000000085000000, 0x0000000085000000, 0x0000000085100000|  0%| F|  |TAMS 0x0000000085000000, 0x0000000085000000| Untracked 
|  81|0x0000000085100000, 0x0000000085100000, 0x0000000085200000|  0%| F|  |TAMS 0x0000000085100000, 0x0000000085100000| Untracked 
|  82|0x0000000085200000, 0x0000000085200000, 0x0000000085300000|  0%| F|  |TAMS 0x0000000085200000, 0x0000000085200000| Untracked 
| 119|0x0000000087700000, 0x0000000087700000, 0x0000000087800000|  0%| F|  |TAMS 0x0000000087700000, 0x0000000087700000| Untracked 
|2045|0x00000000ffd00000, 0x00000000ffe00000, 0x00000000ffe00000|100%| O|  |TAMS 0x00000000ffd00000, 0x00000000ffe00000| Untracked 
|2046|0x00000000ffe00000, 0x00000000fff00000, 0x00000000fff00000|100%| O|  |TAMS 0x00000000ffe00000, 0x00000000fff00000| Untracked 
|2047|0x00000000fff00000, 0x0000000100000000, 0x0000000100000000|100%| O|  |TAMS 0x00000000fff00000, 0x0000000100000000| Untracked 

Card table byte_map: [0x0000019cab450000,0x0000019cab850000] _byte_map_base: 0x0000019cab050000

Marking Bits (Prev, Next): (CMBitMap*) 0x0000019c9868ac40, (CMBitMap*) 0x0000019c9868ac00
 Prev Bits: [0x0000019cadc50000, 0x0000019cafc50000)
 Next Bits: [0x0000019cabc50000, 0x0000019cadc50000)

Polling page: 0x0000019c96340000

Metaspace:

Usage:
  Non-class:     49.41 MB used.
      Class:      7.84 MB used.
       Both:     57.25 MB used.

Virtual space:
  Non-class space:       64.00 MB reserved,      49.69 MB ( 78%) committed,  1 nodes.
      Class space:        1.00 GB reserved,       8.12 MB ( <1%) committed,  1 nodes.
             Both:        1.06 GB reserved,      57.81 MB (  5%) committed. 

Chunk freelists:
   Non-Class:  14.03 MB
       Class:  7.91 MB
        Both:  21.94 MB

MaxMetaspaceSize: unlimited
CompressedClassSpaceSize: 1.00 GB
Initial GC threshold: 21.00 MB
Current GC threshold: 93.88 MB
CDS: off
MetaspaceReclaimPolicy: balanced
 - commit_granule_bytes: 65536.
 - commit_granule_words: 8192.
 - virtual_space_node_default_size: 8388608.
 - enlarge_chunks_in_place: 1.
 - new_chunks_are_fully_committed: 0.
 - uncommit_free_chunks: 1.
 - use_allocation_guard: 0.
 - handle_deallocations: 1.


Internal statistics:

num_allocs_failed_limit: 6.
num_arena_births: 656.
num_arena_deaths: 0.
num_vsnodes_births: 2.
num_vsnodes_deaths: 0.
num_space_committed: 925.
num_space_uncommitted: 0.
num_chunks_returned_to_freelist: 6.
num_chunks_taken_from_freelist: 2646.
num_chunk_merges: 6.
num_chunk_splits: 1749.
num_chunks_enlarged: 1171.
num_inconsistent_stats: 0.

CodeHeap 'non-profiled nmethods': size=120000Kb used=2791Kb max_used=2952Kb free=117208Kb
 bounds [0x0000019ca35d0000, 0x0000019ca38c0000, 0x0000019caab00000]
CodeHeap 'profiled nmethods': size=120000Kb used=11506Kb max_used=11506Kb free=108493Kb
 bounds [0x0000019c9bb00000, 0x0000019c9c640000, 0x0000019ca3030000]
CodeHeap 'non-nmethods': size=5760Kb used=1628Kb max_used=1659Kb free=4131Kb
 bounds [0x0000019ca3030000, 0x0000019ca32a0000, 0x0000019ca35d0000]
 total_blobs=6937 nmethods=6236 adapters=613
 compilation: enabled
              stopped_count=0, restarted_count=0
 full_count=0

Compilation events (20 events):
Event: 11.015 Thread 0x0000019cb2a669a0 6985       3       java.lang.StringLatin1::lastIndexOf (125 bytes)
Event: 11.015 Thread 0x0000019cb2a669a0 nmethod 6985 0x0000019c9c63a510 code [0x0000019c9c63a6e0, 0x0000019c9c63ab78]
Event: 11.016 Thread 0x0000019cb2a669a0 6986   !   3       org.gradle.internal.classloader.FilteringClassLoader::loadClass (62 bytes)
Event: 11.016 Thread 0x0000019cb2a669a0 nmethod 6986 0x0000019c9c63ae10 code [0x0000019c9c63b0c0, 0x0000019c9c63bce8]
Event: 11.103 Thread 0x0000019cb2a669a0 6987       3       org.gradle.internal.classloader.TransformErrorHandler::getLastErrorAndClear (20 bytes)
Event: 11.103 Thread 0x0000019cb2a669a0 nmethod 6987 0x0000019c9c63c190 code [0x0000019c9c63c340, 0x0000019c9c63c6b8]
Event: 11.103 Thread 0x0000019cb2a669a0 6988       3       org.gradle.internal.classloader.TransformReplacer::ensureOpened (18 bytes)
Event: 11.104 Thread 0x0000019cb2a669a0 nmethod 6988 0x0000019c9c63c810 code [0x0000019c9c63c9c0, 0x0000019c9c63cbe8]
Event: 11.104 Thread 0x0000019cb2a669a0 6989       1       org.gradle.internal.classloader.JarCompat::getJarFile (5 bytes)
Event: 11.104 Thread 0x0000019cb2a669a0 nmethod 6989 0x0000019ca3709190 code [0x0000019ca3709320, 0x0000019ca37093f8]
Event: 11.116 Thread 0x0000019cb2a669a0 6991       3       java.net.URL::openConnection (9 bytes)
Event: 11.116 Thread 0x0000019cb2a669a0 nmethod 6991 0x0000019c9c63cd10 code [0x0000019c9c63cec0, 0x0000019c9c63d088]
Event: 11.125 Thread 0x0000019cb2a669a0 6992       3       com.google.common.collect.MapMakerInternalMap$WeakValueReferenceImpl::<init> (12 bytes)
Event: 11.125 Thread 0x0000019cb2a669a0 nmethod 6992 0x0000019c9c63d190 code [0x0000019c9c63d340, 0x0000019c9c63d6d8]
Event: 11.125 Thread 0x0000019cb2a669a0 6993       3       com.google.common.collect.MapMakerInternalMap$StrongKeyWeakValueEntry::access$402 (7 bytes)
Event: 11.125 Thread 0x0000019cb2a669a0 nmethod 6993 0x0000019c9c63d810 code [0x0000019c9c63d9a0, 0x0000019c9c63daf8]
Event: 11.137 Thread 0x0000019cb2a669a0 6994       3       java.util.zip.ZipFile$ZipFileInflaterInputStream::available (44 bytes)
Event: 11.138 Thread 0x0000019cb2a669a0 nmethod 6994 0x0000019c9c63dc10 code [0x0000019c9c63dde0, 0x0000019c9c63e148]
Event: 11.138 Thread 0x0000019cb2a669a0 6995   !   3       java.util.zip.Inflater::getBytesWritten (23 bytes)
Event: 11.138 Thread 0x0000019cb2a669a0 nmethod 6995 0x0000019c9c63e290 code [0x0000019c9c63e440, 0x0000019c9c63e668]

GC Heap History (20 events):
Event: 5.951 GC heap after
{Heap after GC invocations=10 (full 0):
 garbage-first heap   total 68608K, used 28081K [0x0000000080000000, 0x0000000100000000)
  region size 1024K, 4 young (4096K), 4 survivors (4096K)
 Metaspace       used 41306K, committed 41664K, reserved 1114112K
  class space    used 5474K, committed 5632K, reserved 1048576K
}
Event: 6.168 GC heap before
{Heap before GC invocations=10 (full 0):
 garbage-first heap   total 68608K, used 52657K [0x0000000080000000, 0x0000000100000000)
  region size 1024K, 28 young (28672K), 4 survivors (4096K)
 Metaspace       used 42416K, committed 42816K, reserved 1114112K
  class space    used 5649K, committed 5824K, reserved 1048576K
}
Event: 6.175 GC heap after
{Heap after GC invocations=11 (full 0):
 garbage-first heap   total 68608K, used 30370K [0x0000000080000000, 0x0000000100000000)
  region size 1024K, 3 young (3072K), 3 survivors (3072K)
 Metaspace       used 42416K, committed 42816K, reserved 1114112K
  class space    used 5649K, committed 5824K, reserved 1048576K
}
Event: 6.608 GC heap before
{Heap before GC invocations=11 (full 0):
 garbage-first heap   total 68608K, used 51874K [0x0000000080000000, 0x0000000100000000)
  region size 1024K, 25 young (25600K), 3 survivors (3072K)
 Metaspace       used 44535K, committed 44992K, reserved 1114112K
  class space    used 5982K, committed 6208K, reserved 1048576K
}
Event: 6.612 GC heap after
{Heap after GC invocations=12 (full 0):
 garbage-first heap   total 86016K, used 31925K [0x0000000080000000, 0x0000000100000000)
  region size 1024K, 4 young (4096K), 4 survivors (4096K)
 Metaspace       used 44535K, committed 44992K, reserved 1114112K
  class space    used 5982K, committed 6208K, reserved 1048576K
}
Event: 7.289 GC heap before
{Heap before GC invocations=12 (full 0):
 garbage-first heap   total 86016K, used 66741K [0x0000000080000000, 0x0000000100000000)
  region size 1024K, 38 young (38912K), 4 survivors (4096K)
 Metaspace       used 49001K, committed 49408K, reserved 1114112K
  class space    used 6721K, committed 6912K, reserved 1048576K
}
Event: 7.293 GC heap after
{Heap after GC invocations=13 (full 0):
 garbage-first heap   total 86016K, used 33733K [0x0000000080000000, 0x0000000100000000)
  region size 1024K, 4 young (4096K), 4 survivors (4096K)
 Metaspace       used 49001K, committed 49408K, reserved 1114112K
  class space    used 6721K, committed 6912K, reserved 1048576K
}
Event: 7.945 GC heap before
{Heap before GC invocations=13 (full 0):
 garbage-first heap   total 86016K, used 69573K [0x0000000080000000, 0x0000000100000000)
  region size 1024K, 37 young (37888K), 4 survivors (4096K)
 Metaspace       used 53549K, committed 54016K, reserved 1114112K
  class space    used 7343K, committed 7552K, reserved 1048576K
}
Event: 7.952 GC heap after
{Heap after GC invocations=14 (full 0):
 garbage-first heap   total 86016K, used 35554K [0x0000000080000000, 0x0000000100000000)
  region size 1024K, 4 young (4096K), 4 survivors (4096K)
 Metaspace       used 53549K, committed 54016K, reserved 1114112K
  class space    used 7343K, committed 7552K, reserved 1048576K
}
Event: 8.786 GC heap before
{Heap before GC invocations=14 (full 0):
 garbage-first heap   total 86016K, used 67298K [0x0000000080000000, 0x0000000100000000)
  region size 1024K, 36 young (36864K), 4 survivors (4096K)
 Metaspace       used 56111K, committed 56640K, reserved 1114112K
  class space    used 7686K, committed 7936K, reserved 1048576K
}
Event: 8.793 GC heap after
{Heap after GC invocations=15 (full 0):
 garbage-first heap   total 86016K, used 39069K [0x0000000080000000, 0x0000000100000000)
  region size 1024K, 5 young (5120K), 5 survivors (5120K)
 Metaspace       used 56111K, committed 56640K, reserved 1114112K
  class space    used 7686K, committed 7936K, reserved 1048576K
}
Event: 9.183 GC heap before
{Heap before GC invocations=15 (full 0):
 garbage-first heap   total 86016K, used 66717K [0x0000000080000000, 0x0000000100000000)
  region size 1024K, 33 young (33792K), 5 survivors (5120K)
 Metaspace       used 56699K, committed 57216K, reserved 1114112K
  class space    used 7759K, committed 8000K, reserved 1048576K
}
Event: 9.189 GC heap after
{Heap after GC invocations=16 (full 0):
 garbage-first heap   total 86016K, used 42758K [0x0000000080000000, 0x0000000100000000)
  region size 1024K, 4 young (4096K), 4 survivors (4096K)
 Metaspace       used 56699K, committed 57216K, reserved 1114112K
  class space    used 7759K, committed 8000K, reserved 1048576K
}
Event: 9.497 GC heap before
{Heap before GC invocations=16 (full 0):
 garbage-first heap   total 86016K, used 64262K [0x0000000080000000, 0x0000000100000000)
  region size 1024K, 27 young (27648K), 4 survivors (4096K)
 Metaspace       used 57110K, committed 57664K, reserved 1114112K
  class space    used 7798K, committed 8064K, reserved 1048576K
}
Event: 9.502 GC heap after
{Heap after GC invocations=17 (full 0):
 garbage-first heap   total 86016K, used 43635K [0x0000000080000000, 0x0000000100000000)
  region size 1024K, 4 young (4096K), 4 survivors (4096K)
 Metaspace       used 57110K, committed 57664K, reserved 1114112K
  class space    used 7798K, committed 8064K, reserved 1048576K
}
Event: 9.974 GC heap before
{Heap before GC invocations=18 (full 0):
 garbage-first heap   total 86016K, used 75379K [0x0000000080000000, 0x0000000100000000)
  region size 1024K, 23 young (23552K), 4 survivors (4096K)
 Metaspace       used 57987K, committed 58560K, reserved 1114112K
  class space    used 7963K, committed 8256K, reserved 1048576K
}
Event: 10.996 GC heap after
{Heap after GC invocations=19 (full 0):
 garbage-first heap   total 89088K, used 63567K [0x0000000080000000, 0x0000000100000000)
  region size 1024K, 4 young (4096K), 4 survivors (4096K)
 Metaspace       used 57987K, committed 58560K, reserved 1114112K
  class space    used 7963K, committed 8256K, reserved 1048576K
}
Event: 11.021 GC heap before
{Heap before GC invocations=19 (full 0):
 garbage-first heap   total 89088K, used 63567K [0x0000000080000000, 0x0000000100000000)
  region size 1024K, 5 young (5120K), 4 survivors (4096K)
 Metaspace       used 58020K, committed 58560K, reserved 1114112K
  class space    used 7966K, committed 8256K, reserved 1048576K
}
Event: 11.024 GC heap after
{Heap after GC invocations=20 (full 0):
 garbage-first heap   total 89088K, used 63702K [0x0000000080000000, 0x0000000100000000)
  region size 1024K, 1 young (1024K), 1 survivors (1024K)
 Metaspace       used 58020K, committed 58560K, reserved 1114112K
  class space    used 7966K, committed 8256K, reserved 1048576K
}
Event: 11.160 GC heap before
{Heap before GC invocations=20 (full 0):
 garbage-first heap   total 89088K, used 70870K [0x0000000080000000, 0x0000000100000000)
  region size 1024K, 10 young (10240K), 1 survivors (1024K)
 Metaspace       used 58620K, committed 59200K, reserved 1114112K
  class space    used 8023K, committed 8320K, reserved 1048576K
}

Dll operation events (3 events):
Event: 0.026 Loaded shared library K:\adstudio\jbr\bin\java.dll
Event: 0.182 Loaded shared library K:\adstudio\jbr\bin\zip.dll
Event: 0.585 Loaded shared library K:\adstudio\jbr\bin\verify.dll

Deoptimization events (20 events):
Event: 9.924 Thread 0x0000019cb90acfb0 Uncommon trap: trap_request=0xffffffbe fr.pc=0x0000019ca371369c relative=0x000000000000025c
Event: 9.924 Thread 0x0000019cb90acfb0 Uncommon trap: reason=profile_predicate action=maybe_recompile pc=0x0000019ca371369c method=sun.instrument.TransformerManager.transform(Ljava/lang/Module;Ljava/lang/ClassLoader;Ljava/lang/String;Ljava/lang/Class;Ljava/security/ProtectionDomain;[B)[B @ 21 
Event: 9.924 Thread 0x0000019cb90acfb0 DEOPT PACKING pc=0x0000019ca371369c sp=0x0000008fdaaf3bf0
Event: 9.924 Thread 0x0000019cb90acfb0 DEOPT UNPACKING pc=0x0000019ca30869a3 sp=0x0000008fdaaf3ba8 mode 2
Event: 11.007 Thread 0x0000019cb90acfb0 Uncommon trap: trap_request=0xffffffde fr.pc=0x0000019ca38037a0 relative=0x00000000000001e0
Event: 11.007 Thread 0x0000019cb90acfb0 Uncommon trap: reason=class_check action=maybe_recompile pc=0x0000019ca38037a0 method=java.io.BufferedInputStream.read1([BII)I @ 39 c2
Event: 11.007 Thread 0x0000019cb90acfb0 DEOPT PACKING pc=0x0000019ca38037a0 sp=0x0000008fdaaf6ce0
Event: 11.007 Thread 0x0000019cb90acfb0 DEOPT UNPACKING pc=0x0000019ca30869a3 sp=0x0000008fdaaf6c98 mode 2
Event: 11.007 Thread 0x0000019cb90acfb0 Uncommon trap: trap_request=0xffffffde fr.pc=0x0000019ca38037a0 relative=0x00000000000001e0
Event: 11.007 Thread 0x0000019cb90acfb0 Uncommon trap: reason=class_check action=maybe_recompile pc=0x0000019ca38037a0 method=java.io.BufferedInputStream.read1([BII)I @ 39 c2
Event: 11.007 Thread 0x0000019cb90acfb0 DEOPT PACKING pc=0x0000019ca38037a0 sp=0x0000008fdaaf6ce0
Event: 11.007 Thread 0x0000019cb90acfb0 DEOPT UNPACKING pc=0x0000019ca30869a3 sp=0x0000008fdaaf6c98 mode 2
Event: 11.007 Thread 0x0000019cb90acfb0 Uncommon trap: trap_request=0xffffffde fr.pc=0x0000019ca38037a0 relative=0x00000000000001e0
Event: 11.007 Thread 0x0000019cb90acfb0 Uncommon trap: reason=class_check action=maybe_recompile pc=0x0000019ca38037a0 method=java.io.BufferedInputStream.read1([BII)I @ 39 c2
Event: 11.007 Thread 0x0000019cb90acfb0 DEOPT PACKING pc=0x0000019ca38037a0 sp=0x0000008fdaaf6ce0
Event: 11.007 Thread 0x0000019cb90acfb0 DEOPT UNPACKING pc=0x0000019ca30869a3 sp=0x0000008fdaaf6c98 mode 2
Event: 11.029 Thread 0x0000019cb90acfb0 Uncommon trap: trap_request=0xffffffc6 fr.pc=0x0000019ca37e7324 relative=0x0000000000000364
Event: 11.029 Thread 0x0000019cb90acfb0 Uncommon trap: reason=bimorphic_or_optimized_type_check action=maybe_recompile pc=0x0000019ca37e7324 method=com.google.common.cache.LocalCache$Segment.getEntry(Ljava/lang/Object;I)Lcom/google/common/cache/ReferenceEntry; @ 11 c2
Event: 11.029 Thread 0x0000019cb90acfb0 DEOPT PACKING pc=0x0000019ca37e7324 sp=0x0000008fdaaf7b60
Event: 11.029 Thread 0x0000019cb90acfb0 DEOPT UNPACKING pc=0x0000019ca30869a3 sp=0x0000008fdaaf7af8 mode 2

Classes unloaded (0 events):
No events

Classes redefined (0 events):
No events

Internal exceptions (20 events):
Event: 8.300 Thread 0x0000019cb90acfb0 Exception <a 'java/lang/NoSuchMethodError'{0x00000000846bce30}: 'java.lang.Object java.lang.invoke.Invokers$Holder.linkToTargetMethod(java.lang.Object, java.lang.Object, java.lang.Object, java.lang.Object, int, java.lang.Object)'> (0x00000000846bce30) 
thrown [s\src\hotspot\share\interpreter\linkResolver.cpp, line 771]
Event: 8.304 Thread 0x0000019cb90acfb0 Exception <a 'java/lang/NoSuchMethodError'{0x00000000846efa90}: 'java.lang.Object java.lang.invoke.DirectMethodHandle$Holder.invokeSpecial(java.lang.Object, java.lang.Object, java.lang.Object, java.lang.Object, java.lang.Object, long)'> (0x00000000846efa90) 
thrown [s\src\hotspot\share\interpreter\linkResolver.cpp, line 771]
Event: 8.306 Thread 0x0000019cb90acfb0 Exception <a 'java/lang/NoSuchMethodError'{0x0000000084513340}: 'void java.lang.invoke.DirectMethodHandle$Holder.invokeStatic(java.lang.Object, java.lang.Object, java.lang.Object, int, java.lang.Object)'> (0x0000000084513340) 
thrown [s\src\hotspot\share\interpreter\linkResolver.cpp, line 771]
Event: 8.838 Thread 0x0000019cb90acfb0 Exception <a 'java/lang/NoSuchMethodError'{0x000000008500a5d8}: 'java.lang.Object java.lang.invoke.DirectMethodHandle$Holder.newInvokeSpecial(java.lang.Object, java.lang.Object, java.lang.Object, java.lang.Object, int, java.lang.Object)'> (0x000000008500a5d8) 
thrown [s\src\hotspot\share\interpreter\linkResolver.cpp, line 771]
Event: 8.838 Thread 0x0000019cb90acfb0 Exception <a 'java/lang/NoSuchMethodError'{0x000000008500f930}: 'java.lang.Object java.lang.invoke.Invokers$Holder.linkToTargetMethod(java.lang.Object, java.lang.Object, java.lang.Object, int, java.lang.Object, java.lang.Object)'> (0x000000008500f930) 
thrown [s\src\hotspot\share\interpreter\linkResolver.cpp, line 771]
Event: 9.399 Thread 0x0000019cb90acfb0 Exception <a 'java/lang/NoSuchMethodError'{0x0000000084300f80}: 'long java.lang.invoke.DirectMethodHandle$Holder.invokeVirtual(java.lang.Object, java.lang.Object)'> (0x0000000084300f80) 
thrown [s\src\hotspot\share\interpreter\linkResolver.cpp, line 771]
Event: 9.403 Thread 0x0000019cb90ac080 Exception <a 'java/lang/NoSuchMethodError'{0x000000008435ad10}: static Lorg/gradle/internal/build/event/types/DefaultOperationFinishedProgressEvent;.<clinit>()V> (0x000000008435ad10) 
thrown [s\src\hotspot\share\prims\jni.cpp, line 1127]
Event: 9.405 Thread 0x0000019cb90ac080 Exception <a 'java/lang/NoSuchMethodError'{0x00000000843855e8}: static Lorg/gradle/internal/build/event/types/DefaultProjectConfigurationSuccessResult;.<clinit>()V> (0x00000000843855e8) 
thrown [s\src\hotspot\share\prims\jni.cpp, line 1127]
Event: 9.405 Thread 0x0000019cb90ac080 Exception <a 'java/lang/NoSuchMethodError'{0x0000000084389fc8}: static Lorg/gradle/internal/build/event/types/AbstractProjectConfigurationResult;.<clinit>()V> (0x0000000084389fc8) 
thrown [s\src\hotspot\share\prims\jni.cpp, line 1127]
Event: 9.405 Thread 0x0000019cb90ac080 Exception <a 'java/lang/NoSuchMethodError'{0x000000008438b710}: static Lorg/gradle/internal/build/event/types/AbstractOperationResult;.<clinit>()V> (0x000000008438b710) 
thrown [s\src\hotspot\share\prims\jni.cpp, line 1127]
Event: 9.405 Thread 0x0000019cb90ac080 Exception <a 'java/lang/NoSuchMethodError'{0x000000008438cb60}: static Lorg/gradle/internal/build/event/types/AbstractResult;.<clinit>()V> (0x000000008438cb60) 
thrown [s\src\hotspot\share\prims\jni.cpp, line 1127]
Event: 9.406 Thread 0x0000019cb90ac080 Exception <a 'java/lang/NoSuchMethodError'{0x00000000843a5a88}: static Lorg/gradle/internal/build/event/types/DefaultPluginApplicationResult;.<clinit>()V> (0x00000000843a5a88) 
thrown [s\src\hotspot\share\prims\jni.cpp, line 1127]
Event: 9.409 Thread 0x0000019cb90ac080 Exception <a 'java/lang/NoSuchMethodError'{0x00000000843b2478}: static Lorg/gradle/internal/build/event/types/DefaultBinaryPluginIdentifier;.<clinit>()V> (0x00000000843b2478) 
thrown [s\src\hotspot\share\prims\jni.cpp, line 1127]
Event: 9.413 Thread 0x0000019cb90ac080 Exception <a 'java/lang/NoSuchMethodError'{0x0000000084213fd8}: static Lorg/gradle/internal/build/event/types/DefaultScriptPluginIdentifier;.<clinit>()V> (0x0000000084213fd8) 
thrown [s\src\hotspot\share\prims\jni.cpp, line 1127]
Event: 9.477 Thread 0x0000019cb90acfb0 Implicit null exception at 0x0000019ca35ec512 to 0x0000019ca35ecb74
Event: 9.606 Thread 0x0000019cb90acfb0 Exception <a 'java/lang/NoSuchMethodError'{0x0000000085182370}: 'void java.lang.invoke.Invokers$Holder.invoke_MT(java.lang.Object, java.lang.Object, java.lang.Object, java.lang.Object)'> (0x0000000085182370) 
thrown [s\src\hotspot\share\interpreter\linkResolver.cpp, line 771]
Event: 9.617 Thread 0x0000019cb90acfb0 Exception <a 'java/lang/NoSuchMethodError'{0x0000000085003928}: 'java.lang.Object java.lang.invoke.DirectMethodHandle$Holder.invokeSpecial(java.lang.Object, java.lang.Object, java.lang.Object, int, java.lang.Object, java.lang.Object)'> (0x0000000085003928) 
thrown [s\src\hotspot\share\interpreter\linkResolver.cpp, line 771]
Event: 9.830 Thread 0x0000019cb90acfb0 Exception <a 'java/lang/ClassNotFoundException'{0x00000000848fb2b8}: sun/misc/SharedSecrets> (0x00000000848fb2b8) 
thrown [s\src\hotspot\share\classfile\systemDictionary.cpp, line 256]
Event: 9.830 Thread 0x0000019cb90acfb0 Exception <a 'java/lang/ClassNotFoundException'{0x00000000848fc890}: org/gradle/api/internal/plugins/DefaultObjectConfigurationActionBeanInfo> (0x00000000848fc890) 
thrown [s\src\hotspot\share\classfile\systemDictionary.cpp, line 256]
Event: 9.831 Thread 0x0000019cb90acfb0 Exception <a 'java/lang/ClassNotFoundException'{0x0000000084713050}: org/gradle/api/internal/plugins/DefaultObjectConfigurationActionCustomizer> (0x0000000084713050) 
thrown [s\src\hotspot\share\classfile\systemDictionary.cpp, line 256]

VM Operations (20 events):
Event: 8.793 Executing VM operation: G1CollectForAllocation done
Event: 8.954 Executing VM operation: ICBufferFull
Event: 8.954 Executing VM operation: ICBufferFull done
Event: 9.183 Executing VM operation: G1CollectForAllocation
Event: 9.189 Executing VM operation: G1CollectForAllocation done
Event: 9.370 Executing VM operation: HandshakeAllThreads
Event: 9.370 Executing VM operation: HandshakeAllThreads done
Event: 9.417 Executing VM operation: ICBufferFull
Event: 9.417 Executing VM operation: ICBufferFull done
Event: 9.497 Executing VM operation: G1TryInitiateConcMark
Event: 9.502 Executing VM operation: G1TryInitiateConcMark done
Event: 9.524 Executing VM operation: G1PauseRemark
Event: 9.527 Executing VM operation: G1PauseRemark done
Event: 9.535 Executing VM operation: G1PauseCleanup
Event: 9.535 Executing VM operation: G1PauseCleanup done
Event: 9.974 Executing VM operation: G1CollectForAllocation
Event: 10.996 Executing VM operation: G1CollectForAllocation done
Event: 11.021 Executing VM operation: G1CollectForAllocation
Event: 11.024 Executing VM operation: G1CollectForAllocation done
Event: 11.160 Executing VM operation: G1TryInitiateConcMark

Events (20 events):
Event: 8.870 Thread 0x0000019cba16a4f0 Thread added: 0x0000019cba16a4f0
Event: 8.874 Thread 0x0000019cba168180 Thread added: 0x0000019cba168180
Event: 8.878 Thread 0x0000019cbb1fd010 Thread added: 0x0000019cbb1fd010
Event: 8.885 Thread 0x0000019cbb1ff380 Thread added: 0x0000019cbb1ff380
Event: 8.888 Thread 0x0000019cbb1ff890 Thread added: 0x0000019cbb1ff890
Event: 8.892 Thread 0x0000019cbb1ffda0 Thread added: 0x0000019cbb1ffda0
Event: 8.897 Thread 0x0000019cbb1fdf40 Thread added: 0x0000019cbb1fdf40
Event: 9.400 loading class java/util/stream/SortedOps$RefSortingSink
Event: 9.400 loading class java/util/stream/SortedOps$RefSortingSink done
Event: 9.410 loading class java/time/Ser
Event: 9.411 loading class java/time/Ser done
Event: 9.615 loading class java/lang/ProcessBuilder
Event: 9.616 loading class java/lang/ProcessBuilder done
Event: 9.830 loading class sun/misc/SharedSecrets
Event: 9.830 loading class sun/misc/SharedSecrets done
Event: 9.832 loading class jdk/internal/reflect/UnsafeObjectFieldAccessorImpl
Event: 9.833 loading class jdk/internal/reflect/UnsafeObjectFieldAccessorImpl done
Event: 9.857 Thread 0x0000019cb85aef50 Thread exited: 0x0000019cb85aef50
Event: 9.947 Thread 0x0000019cbc416370 Thread added: 0x0000019cbc416370
Event: 10.997 Thread 0x0000019cbc416370 Thread exited: 0x0000019cbc416370


Dynamic libraries:
0x00007ff6a53c0000 - 0x00007ff6a53ca000 	K:\adstudio\jbr\bin\java.exe
0x00007ffd48060000 - 0x00007ffd482c3000 	C:\WINDOWS\SYSTEM32\ntdll.dll
0x00007ffd478d0000 - 0x00007ffd47997000 	C:\WINDOWS\System32\KERNEL32.DLL
0x00007ffd45400000 - 0x00007ffd457c7000 	C:\WINDOWS\System32\KERNELBASE.dll
0x00007ffd45b40000 - 0x00007ffd45c8c000 	C:\WINDOWS\System32\ucrtbase.dll
0x00007ffd40310000 - 0x00007ffd4032b000 	K:\adstudio\jbr\bin\VCRUNTIME140.dll
0x00007ffd30c70000 - 0x00007ffd30c87000 	K:\adstudio\jbr\bin\jli.dll
0x00007ffd47a50000 - 0x00007ffd47c19000 	C:\WINDOWS\System32\USER32.dll
0x00007ffd45dc0000 - 0x00007ffd45de7000 	C:\WINDOWS\System32\win32u.dll
0x00007ffd47e50000 - 0x00007ffd47e7a000 	C:\WINDOWS\System32\GDI32.dll
0x00007ffd457d0000 - 0x00007ffd458fb000 	C:\WINDOWS\System32\gdi32full.dll
0x00007ffd45df0000 - 0x00007ffd45e93000 	C:\WINDOWS\System32\msvcp_win.dll
0x00007ffd2f830000 - 0x00007ffd2fac0000 	C:\WINDOWS\WinSxS\amd64_microsoft.windows.common-controls_6595b64144ccf1df_6.0.26100.3037_none_3e09262ce333c378\COMCTL32.dll
0x00007ffd47c20000 - 0x00007ffd47cc9000 	C:\WINDOWS\System32\msvcrt.dll
0x00007ffd472b0000 - 0x00007ffd472df000 	C:\WINDOWS\System32\IMM32.DLL
0x00007ffd20ad0000 - 0x00007ffd20adc000 	K:\adstudio\jbr\bin\vcruntime140_1.dll
0x00007ffcf6e40000 - 0x00007ffcf6ecd000 	K:\adstudio\jbr\bin\msvcp140.dll
0x00007ffcece90000 - 0x00007ffcedb13000 	K:\adstudio\jbr\bin\server\jvm.dll
0x00007ffd47420000 - 0x00007ffd474d4000 	C:\WINDOWS\System32\ADVAPI32.dll
0x00007ffd47cd0000 - 0x00007ffd47d76000 	C:\WINDOWS\System32\sechost.dll
0x00007ffd47300000 - 0x00007ffd47416000 	C:\WINDOWS\System32\RPCRT4.dll
0x00007ffd451e0000 - 0x00007ffd4522e000 	C:\WINDOWS\SYSTEM32\POWRPROF.dll
0x00007ffd3bf00000 - 0x00007ffd3bf0b000 	C:\WINDOWS\SYSTEM32\VERSION.dll
0x00007ffd3a980000 - 0x00007ffd3a9b6000 	C:\WINDOWS\SYSTEM32\WINMM.dll
0x00007ffd21730000 - 0x00007ffd2173a000 	C:\WINDOWS\SYSTEM32\WSOCK32.dll
0x00007ffd47dd0000 - 0x00007ffd47e44000 	C:\WINDOWS\System32\WS2_32.dll
0x00007ffd450b0000 - 0x00007ffd450c4000 	C:\WINDOWS\SYSTEM32\UMPDC.dll
0x00007ffd442a0000 - 0x00007ffd442ba000 	C:\WINDOWS\SYSTEM32\kernel.appcore.dll
0x00007ffd422a0000 - 0x00007ffd422aa000 	K:\adstudio\jbr\bin\jimage.dll
0x00007ffd3b0f0000 - 0x00007ffd3b331000 	C:\WINDOWS\SYSTEM32\DBGHELP.DLL
0x00007ffd46ec0000 - 0x00007ffd4723e000 	C:\WINDOWS\System32\combase.dll
0x00007ffd477d0000 - 0x00007ffd478a6000 	C:\WINDOWS\System32\OLEAUT32.dll
0x00007ffd2c600000 - 0x00007ffd2c639000 	C:\WINDOWS\SYSTEM32\dbgcore.DLL
0x00007ffd45d20000 - 0x00007ffd45db9000 	C:\WINDOWS\System32\bcryptPrimitives.dll
0x00007ffd33a40000 - 0x00007ffd33a4e000 	K:\adstudio\jbr\bin\instrument.dll
0x00007ffd316e0000 - 0x00007ffd31705000 	K:\adstudio\jbr\bin\java.dll
0x00007ffd3c780000 - 0x00007ffd3c798000 	K:\adstudio\jbr\bin\zip.dll
0x00007ffd46040000 - 0x00007ffd46744000 	C:\WINDOWS\System32\SHELL32.dll
0x00007ffd430d0000 - 0x00007ffd43907000 	C:\WINDOWS\SYSTEM32\windows.storage.dll
0x00007ffd47540000 - 0x00007ffd47629000 	C:\WINDOWS\System32\SHCORE.dll
0x00007ffd474e0000 - 0x00007ffd4753d000 	C:\WINDOWS\System32\shlwapi.dll
0x00007ffd45310000 - 0x00007ffd4533e000 	C:\WINDOWS\SYSTEM32\profapi.dll
0x00007ffd34390000 - 0x00007ffd343a9000 	K:\adstudio\jbr\bin\net.dll
0x00007ffd3f4f0000 - 0x00007ffd3f60e000 	C:\WINDOWS\SYSTEM32\WINHTTP.dll
0x00007ffd447b0000 - 0x00007ffd4481a000 	C:\WINDOWS\system32\mswsock.dll
0x00007ffd33a80000 - 0x00007ffd33a96000 	K:\adstudio\jbr\bin\nio.dll
0x00007ffd37670000 - 0x00007ffd37680000 	K:\adstudio\jbr\bin\verify.dll
0x00007ffd110d0000 - 0x00007ffd110f7000 	C:\Users\asus\.gradle\native\c067742578af261105cb4f569cf0c3c89f3d7b1fecec35dd04571415982c5e48\windows-amd64\native-platform.dll
0x00007ffcef7d0000 - 0x00007ffcef914000 	C:\Users\asus\.gradle\native\38dada09dfb8b06ba9b0570ebf7e218e3eb74d4ef43ca46872605cf95ebc2f47\windows-amd64\native-platform-file-events.dll
0x00007ffd3f270000 - 0x00007ffd3f279000 	K:\adstudio\jbr\bin\management.dll
0x00007ffd3f1b0000 - 0x00007ffd3f1bb000 	K:\adstudio\jbr\bin\management_ext.dll
0x00007ffd478b0000 - 0x00007ffd478b8000 	C:\WINDOWS\System32\PSAPI.DLL
0x00007ffd44a50000 - 0x00007ffd44a6c000 	C:\WINDOWS\SYSTEM32\CRYPTSP.dll
0x00007ffd44200000 - 0x00007ffd44238000 	C:\WINDOWS\system32\rsaenh.dll
0x00007ffd44850000 - 0x00007ffd4487b000 	C:\WINDOWS\SYSTEM32\USERENV.dll
0x00007ffd44c90000 - 0x00007ffd44cb6000 	C:\WINDOWS\SYSTEM32\bcrypt.dll
0x00007ffd44a70000 - 0x00007ffd44a7c000 	C:\WINDOWS\SYSTEM32\CRYPTBASE.dll
0x00007ffd43c30000 - 0x00007ffd43c62000 	C:\WINDOWS\SYSTEM32\IPHLPAPI.DLL
0x00007ffd478c0000 - 0x00007ffd478ca000 	C:\WINDOWS\System32\NSI.dll
0x00007ffd403b0000 - 0x00007ffd403cf000 	C:\WINDOWS\SYSTEM32\dhcpcsvc6.DLL
0x00007ffd40210000 - 0x00007ffd40235000 	C:\WINDOWS\SYSTEM32\dhcpcsvc.DLL
0x00007ffd43c70000 - 0x00007ffd43d95000 	C:\WINDOWS\SYSTEM32\DNSAPI.dll
0x00007ffd403a0000 - 0x00007ffd403a9000 	K:\adstudio\jbr\bin\extnet.dll
0x00007ffd351f0000 - 0x00007ffd351f8000 	C:\WINDOWS\system32\wshunix.dll

dbghelp: loaded successfully - version: 4.0.5 - missing functions: none
symbol engine: initialized successfully - sym options: 0x614 - pdb path: .;K:\adstudio\jbr\bin;C:\WINDOWS\SYSTEM32;C:\WINDOWS\WinSxS\amd64_microsoft.windows.common-controls_6595b64144ccf1df_6.0.26100.3037_none_3e09262ce333c378;K:\adstudio\jbr\bin\server;C:\Users\asus\.gradle\native\c067742578af261105cb4f569cf0c3c89f3d7b1fecec35dd04571415982c5e48\windows-amd64;C:\Users\asus\.gradle\native\38dada09dfb8b06ba9b0570ebf7e218e3eb74d4ef43ca46872605cf95ebc2f47\windows-amd64

VM Arguments:
jvm_args: --add-opens=java.base/java.util=ALL-UNNAMED --add-opens=java.base/java.lang=ALL-UNNAMED --add-opens=java.base/java.lang.invoke=ALL-UNNAMED --add-opens=java.prefs/java.util.prefs=ALL-UNNAMED --add-opens=java.base/java.nio.charset=ALL-UNNAMED --add-opens=java.base/java.net=ALL-UNNAMED --add-opens=java.base/java.util.concurrent.atomic=ALL-UNNAMED -Xmx2048m -Dfile.encoding=UTF-8 -Duser.country=IN -Duser.language=en -Duser.variant -javaagent:C:\Users\asus\.gradle\wrapper\dists\gradle-8.7-bin\bhs2wmbdwecv87pi65oeuq5iu\gradle-8.7\lib\agents\gradle-instrumentation-agent-8.7.jar 
java_command: org.gradle.launcher.daemon.bootstrap.GradleDaemon 8.7
java_class_path (initial): C:\Users\asus\.gradle\wrapper\dists\gradle-8.7-bin\bhs2wmbdwecv87pi65oeuq5iu\gradle-8.7\lib\gradle-launcher-8.7.jar
Launcher Type: SUN_STANDARD

[Global flags]
     intx CICompilerCount                          = 4                                         {product} {ergonomic}
     uint ConcGCThreads                            = 3                                         {product} {ergonomic}
     uint G1ConcRefinementThreads                  = 10                                        {product} {ergonomic}
   size_t G1HeapRegionSize                         = 1048576                                   {product} {ergonomic}
    uintx GCDrainStackTargetSize                   = 64                                        {product} {ergonomic}
   size_t InitialHeapSize                          = 125829120                                 {product} {ergonomic}
   size_t MarkStackSize                            = 4194304                                   {product} {ergonomic}
   size_t MaxHeapSize                              = 2147483648                                {product} {command line}
   size_t MaxNewSize                               = 1287651328                                {product} {ergonomic}
   size_t MinHeapDeltaBytes                        = 1048576                                   {product} {ergonomic}
   size_t MinHeapSize                              = 8388608                                   {product} {ergonomic}
    uintx NonNMethodCodeHeapSize                   = 5839372                                {pd product} {ergonomic}
    uintx NonProfiledCodeHeapSize                  = 122909434                              {pd product} {ergonomic}
    uintx ProfiledCodeHeapSize                     = 122909434                              {pd product} {ergonomic}
    uintx ReservedCodeCacheSize                    = 251658240                              {pd product} {ergonomic}
     bool SegmentedCodeCache                       = true                                      {product} {ergonomic}
   size_t SoftMaxHeapSize                          = 2147483648                             {manageable} {ergonomic}
     bool UseCompressedClassPointers               = true                           {product lp64_product} {ergonomic}
     bool UseCompressedOops                        = true                           {product lp64_product} {ergonomic}
     bool UseG1GC                                  = true                                      {product} {ergonomic}
     bool UseLargePagesIndividualAllocation        = false                                  {pd product} {ergonomic}

Logging:
Log output configuration:
 #0: stdout all=warning uptime,level,tags
 #1: stderr all=off uptime,level,tags

Environment Variables:
PATH=C:\Program Files\Microsoft MPI\Bin\;C:\Program Files\Python311\Scripts\;C:\Program Files\Python311\;C:\Windows\system32;C:\Windows;C:\Windows\System32\Wbem;C:\Windows\System32\WindowsPowerShell\v1.0\;C:\Windows\System32\OpenSSH\;C:\Program Files (x86)\NVIDIA Corporation\PhysX\Common;C:\Program Files\NVIDIA Corporation\NVIDIA NvDLISR;C:\Program Files\dotnet\;C:\WINDOWS\system32;C:\WINDOWS;C:\WINDOWS\System32\Wbem;C:\WINDOWS\System32\WindowsPowerShell\v1.0\;C:\WINDOWS\System32\OpenSSH\;C:\WINDOWS\IsmFiles;C:\nodejs;"C;\nodejs\";C:\Program Files\Git\cmd;C:\Program Files\Microsoft SQL Server\Client SDK\ODBC\170\Tools\Binn\;C:\Program Files (x86)\Microsoft SQL Server\150\Tools\Binn\;C:\Program Files\Microsoft SQL Server\150\Tools\Binn\;C:\Program Files\Microsoft SQL Server\150\DTS\Binn\;C:\Program Files (x86)\Microsoft SQL Server\160\Tools\Binn\;C:\Program Files\Microsoft SQL Server\160\Tools\Binn\;C:\Program Files\Microsoft SQL Server\160\DTS\Binn\;C:\nodejs\;C:\Users\asus\AppData\Local\Programs\Python\Python313\Scripts\;C:\Users\asus\AppData\Local\Programs\Python\Python313\;C:\Users\asus\AppData\Local\Microsoft\WindowsApps;C:\Users\asus\AppData\Local\Programs\Microsoft VS Code\bin;C:\Users\asus\AppData\Roaming\npm;
USERNAME=asus
OS=Windows_NT
PROCESSOR_IDENTIFIER=AMD64 Family 23 Model 96 Stepping 1, AuthenticAMD
TMP=C:\Users\asus\AppData\Local\Temp
TEMP=C:\Users\asus\AppData\Local\Temp



Periodic native trim disabled

JNI global refs:
JNI global refs: 27, weak refs: 0

JNI global refs memory usage: 843, weak refs: 841

Process memory usage:
Resident Set Size: 269712K (3% of 7781324K total physical memory with 547336K free physical memory)

OOME stack traces (most recent first):
Classloader memory used:
Loader org.gradle.internal.classloader.VisitableURLClassLoader                         : 3496K
Loader bootstrap                                                                       : 2457K
Loader org.gradle.initialization.MixInLegacyTypesClassLoader                           : 1115K
Loader org.gradle.internal.classloader.VisitableURLClassLoader$InstrumentingVisitableURLClassLoader: 124K
Loader jdk.internal.loader.ClassLoaders$PlatformClassLoader                            : 66822B
Loader jdk.internal.loader.ClassLoaders$AppClassLoader                                 : 28747B
Loader jdk.internal.reflect.DelegatingClassLoader                                      : 21350B
Loader org.gradle.internal.classloader.VisitableURLClassLoader                         : 20054B

Classes loaded by more than one classloader:
Class Program                                                                         : loaded 4 times (x 72B)
Class com.google.common.collect.SingletonImmutableList                                : loaded 2 times (x 167B)
Class org.gradle.internal.classpath.ClassPath                                         : loaded 2 times (x 68B)
Class org.gradle.api.internal.classpath.DefaultModuleRegistry                         : loaded 2 times (x 84B)
Class Settings_gradle$1$1                                                             : loaded 2 times (x 72B)
Class com.google.common.base.CharMatcher$JavaDigit                                    : loaded 2 times (x 109B)
Class com.google.common.base.CharMatcher$Digit                                        : loaded 2 times (x 110B)
Class org.gradle.api.Action                                                           : loaded 2 times (x 68B)
Class com.google.common.collect.Lists$StringAsImmutableList                           : loaded 2 times (x 167B)
Class com.google.common.base.CharMatcher                                              : loaded 2 times (x 109B)
Class com.google.common.base.CharMatcher$IsNot                                        : loaded 2 times (x 109B)
Class com.google.common.base.Splitter                                                 : loaded 2 times (x 70B)
Class org.gradle.api.internal.DefaultClassPathProvider                                : loaded 2 times (x 74B)
Class org.gradle.internal.installation.GradleInstallation$1                           : loaded 2 times (x 73B)
Class com.google.common.base.CharMatcher$BitSetMatcher                                : loaded 2 times (x 110B)
Class com.google.common.base.Predicate                                                : loaded 2 times (x 68B)
Class org.gradle.internal.classloader.FilteringClassLoader                            : loaded 2 times (x 103B)
Class org.gradle.internal.classpath.DefaultClassPath$ImmutableUniqueList$Builder      : loaded 2 times (x 73B)
Class com.google.common.base.CharMatcher$InRange                                      : loaded 2 times (x 109B)
Class com.google.common.collect.Lists                                                 : loaded 2 times (x 69B)
Class org.gradle.internal.classloader.ClassLoaderVisitor                              : loaded 2 times (x 74B)
Class org.gradle.internal.service.DefaultServiceLocator                               : loaded 2 times (x 81B)
Class org.gradle.internal.service.UnknownServiceException                             : loaded 2 times (x 81B)
Class org.gradle.internal.classloader.DefaultClassLoaderFactory                       : loaded 2 times (x 80B)
Class com.google.common.collect.UnmodifiableIterator                                  : loaded 2 times (x 78B)
Class com.google.common.base.CharMatcher$SingleWidth                                  : loaded 2 times (x 110B)
Class com.google.common.base.JdkPattern                                               : loaded 2 times (x 73B)
Class org.gradle.internal.classloader.VisitableURLClassLoader$Spec                    : loaded 2 times (x 72B)
Class org.gradle.api.GradleException                                                  : loaded 2 times (x 80B)
Class com.google.common.base.CharMatcher$JavaLetterOrDigit                            : loaded 2 times (x 109B)
Class org.gradle.api.internal.classpath.ModuleRegistry                                : loaded 2 times (x 68B)
Class com.google.common.collect.ImmutableCollection                                   : loaded 2 times (x 123B)
Class org.gradle.api.internal.ClassPathProvider                                       : loaded 2 times (x 68B)
Class org.gradle.internal.classloader.ClasspathUtil$1                                 : loaded 2 times (x 74B)
Class com.google.common.collect.ImmutableList$ReverseImmutableList                    : loaded 2 times (x 168B)
Class org.gradle.internal.classloader.ClassLoaderFactory                              : loaded 2 times (x 68B)
Class com.google.common.collect.ObjectArrays                                          : loaded 2 times (x 69B)
Class com.google.common.collect.ImmutableList                                         : loaded 2 times (x 166B)
Class org.gradle.api.internal.classpath.ManifestUtil                                  : loaded 2 times (x 69B)
Class org.gradle.api.specs.Spec                                                       : loaded 2 times (x 68B)
Class com.google.common.base.CharMatcher$Whitespace                                   : loaded 2 times (x 110B)
Class com.google.common.base.Preconditions                                            : loaded 2 times (x 69B)
Class org.gradle.internal.IoActions                                                   : loaded 2 times (x 69B)
Class com.google.common.collect.CollectPreconditions                                  : loaded 2 times (x 69B)
Class com.google.common.collect.AbstractIndexedListIterator                           : loaded 2 times (x 94B)
Class com.google.common.base.CharMatcher$None                                         : loaded 2 times (x 110B)
Class org.gradle.api.internal.classpath.EffectiveClassPath                            : loaded 2 times (x 88B)
Class com.google.common.collect.UnmodifiableListIterator                              : loaded 2 times (x 93B)
Class com.google.common.collect.ImmutableList$1                                       : loaded 2 times (x 95B)
Class com.google.common.base.Splitter$Strategy                                        : loaded 2 times (x 68B)
Class org.gradle.internal.installation.CurrentGradleInstallation                      : loaded 2 times (x 71B)
Class org.gradle.internal.agents.InstrumentingClassLoader                             : loaded 2 times (x 68B)
Class org.gradle.internal.installation.CurrentGradleInstallationLocator               : loaded 2 times (x 69B)
Class org.gradle.api.internal.classpath.Module                                        : loaded 2 times (x 68B)
Class com.google.common.base.Splitter$1$1                                             : loaded 2 times (x 84B)
Class org.gradle.internal.service.CachingServiceLocator                               : loaded 2 times (x 80B)
Class org.gradle.internal.classpath.DefaultClassPath                                  : loaded 2 times (x 88B)
Class com.google.common.base.Splitter$SplittingIterator                               : loaded 2 times (x 82B)
Class Build_gradle$1                                                                  : loaded 2 times (x 76B)
Class com.google.common.base.CharMatcher$Is                                           : loaded 2 times (x 109B)
Class com.google.common.collect.RegularImmutableAsList                                : loaded 2 times (x 176B)
Class org.gradle.internal.classloader.SystemClassLoaderSpec                           : loaded 2 times (x 69B)
Class [Lcom.google.common.base.AbstractIterator$State;                                : loaded 2 times (x 67B)
Class com.google.common.base.AbstractIterator                                         : loaded 2 times (x 78B)
Class com.google.common.base.AbstractIterator$1                                       : loaded 2 times (x 69B)
Class com.google.common.base.CharMatcher$1                                            : loaded 2 times (x 111B)
Class com.google.common.base.CharMatcher$Ascii                                        : loaded 2 times (x 110B)
Class org.gradle.api.UncheckedIOException                                             : loaded 2 times (x 80B)
Class com.google.common.base.CharMatcher$And                                          : loaded 2 times (x 110B)
Class com.google.common.base.CharMatcher$Any                                          : loaded 2 times (x 110B)
Class org.gradle.internal.installation.GradleInstallation                             : loaded 2 times (x 73B)
Class com.google.common.base.CharMatcher$RangesMatcher                                : loaded 2 times (x 110B)
Class com.google.common.collect.ImmutableList$SubList                                 : loaded 2 times (x 168B)
Class org.gradle.internal.classloader.ClasspathUtil                                   : loaded 2 times (x 69B)
Class com.google.common.base.Splitter$1                                               : loaded 2 times (x 75B)
Class org.gradle.api.internal.DefaultClassPathRegistry                                : loaded 2 times (x 74B)
Class org.gradle.api.internal.classpath.DefaultModuleRegistry$DefaultModule           : loaded 2 times (x 84B)
Class com.google.common.base.CharMatcher$JavaIsoControl                               : loaded 2 times (x 110B)
Class com.google.common.base.CharMatcher$Or                                           : loaded 2 times (x 110B)
Class org.gradle.kotlin.dsl.VersionCatalogAccessorsKt                                 : loaded 2 times (x 69B)
Class com.google.common.base.CharMatcher$JavaLowerCase                                : loaded 2 times (x 109B)
Class org.gradle.api.internal.classpath.UnknownModuleException                        : loaded 2 times (x 80B)
Class com.google.common.base.CommonPattern                                            : loaded 2 times (x 72B)
Class org.gradle.internal.service.ServiceLookupException                              : loaded 2 times (x 80B)
Class org.gradle.cache.GlobalCache                                                    : loaded 2 times (x 68B)
Class com.google.common.base.CharMatcher$NegatedFastMatcher                           : loaded 2 times (x 111B)
Class [Lorg.gradle.api.internal.ClassPathProvider;                                    : loaded 2 times (x 67B)
Class org.gradle.util.internal.GUtil                                                  : loaded 2 times (x 69B)
Class org.gradle.internal.classloader.ClassLoaderSpec                                 : loaded 2 times (x 69B)
Class com.google.common.base.NullnessCasts                                            : loaded 2 times (x 69B)
Class com.google.common.base.CharMatcher$Negated                                      : loaded 2 times (x 111B)
Class com.google.common.base.CharMatcher$ForPredicate                                 : loaded 2 times (x 110B)
Class org.gradle.internal.classloader.VisitableURLClassLoader                         : loaded 2 times (x 115B)
Class org.gradle.internal.Cast                                                        : loaded 2 times (x 69B)
Class Build_gradle                                                                    : loaded 2 times (x 70B)
Class org.gradle.api.internal.ClassPathRegistry                                       : loaded 2 times (x 68B)
Class org.gradle.internal.classloader.VisitableURLClassLoader$InstrumentingVisitableURLClassLoader: loaded 2 times (x 121B)
Class org.gradle.internal.classloader.ClassLoaderHierarchy                            : loaded 2 times (x 68B)
Class com.google.common.base.AbstractIterator$State                                   : loaded 2 times (x 77B)
Class com.google.common.base.CharMatcher$NamedFastMatcher                             : loaded 2 times (x 110B)
Class org.gradle.internal.InternalTransformer                                         : loaded 2 times (x 68B)
Class org.gradle.internal.service.ServiceLocator                                      : loaded 2 times (x 68B)
Class Settings_gradle$1                                                               : loaded 2 times (x 72B)
Class com.google.common.base.CharMatcher$Invisible                                    : loaded 2 times (x 110B)
Class com.google.common.base.CharMatcher$FastMatcher                                  : loaded 2 times (x 109B)
Class org.gradle.internal.classpath.DefaultClassPath$ImmutableUniqueList              : loaded 2 times (x 159B)
Class com.google.common.base.CharMatcher$JavaLetter                                   : loaded 2 times (x 109B)
Class org.gradle.internal.classpath.TransformedClassPath                              : loaded 2 times (x 94B)
Class Settings_gradle                                                                 : loaded 2 times (x 126B)
Class com.google.common.collect.ImmutableAsList                                       : loaded 2 times (x 169B)
Class com.google.common.base.CharMatcher$AnyOf                                        : loaded 2 times (x 110B)
Class com.google.common.base.CharMatcher$IsEither                                     : loaded 2 times (x 109B)
Class com.google.common.collect.RegularImmutableList                                  : loaded 2 times (x 172B)
Class com.google.common.base.CharMatcher$JavaUpperCase                                : loaded 2 times (x 109B)


---------------  S Y S T E M  ---------------

OS:
 Windows 11 , 64 bit Build 26100 (10.0.26100.3037)
OS uptime: 6 days 7:16 hours
Hyper-V role detected

CPU: total 12 (initial active 12) (12 cores per cpu, 2 threads per core) family 23 model 96 stepping 1 microcode 0x8600106, cx8, cmov, fxsr, ht, mmx, 3dnowpref, sse, sse2, sse3, ssse3, sse4a, sse4.1, sse4.2, popcnt, lzcnt, tsc, tscinvbit, avx, avx2, aes, clmul, bmi1, bmi2, adx, sha, fma, vzeroupper, clflush, clflushopt, hv
Processor Information for all 12 processors :
  Max Mhz: 3001, Current Mhz: 3001, Mhz Limit: 3001

Memory: 4k page, system-wide physical 7598M (534M free)
TotalPageFile size 31150M (AvailPageFile size 10M)
current process WorkingSet (physical memory assigned to process): 263M, peak: 273M
current process commit charge ("private bytes"): 302M, peak: 341M

vm_info: OpenJDK 64-Bit Server VM (17.0.11+0--11852314) for windows-amd64 JRE (17.0.11+0--11852314), built on May 16 2024 21:29:20 by "androidbuild" with MS VC++ 16.10 / 16.11 (VS2019)

END.
